The system is: Linux - 5.10.16.3-microsoft-standard-WSL2 - x86_64
Compiling the C compiler identification source file "CMakeCCompilerId.c" succeeded.
Compiler: /u/sw/toolchains/gcc-glibc/11.2.0/prefix/bin/gcc 
Build flags: 
Id flags:  

The output was:
0


Compilation of the C compiler identification source "CMakeCCompilerId.c" produced "a.out"

The C compiler identification is GNU, found in "/home/jellyfish/shared-folder/MACSProject2/build/CMakeFiles/3.20.5/CompilerIdC/a.out"

Compiling the CXX compiler identification source file "CMakeCXXCompilerId.cpp" succeeded.
Compiler: /u/sw/toolchains/gcc-glibc/11.2.0/prefix/bin/g++ 
Build flags: 
Id flags:  

The output was:
0


Compilation of the CXX compiler identification source "CMakeCXXCompilerId.cpp" produced "a.out"

The CXX compiler identification is GNU, found in "/home/jellyfish/shared-folder/MACSProject2/build/CMakeFiles/3.20.5/CompilerIdCXX/a.out"

Detecting C compiler ABI info compiled with the following output:
Change Dir: /home/jellyfish/shared-folder/MACSProject2/build/CMakeFiles/CMakeTmp

Run Build Command(s):/u/sw/toolchains/gcc-glibc/11.2.0/base/bin/gmake -f Makefile cmTC_eb3e1/fast && /u/sw/toolchains/gcc-glibc/11.2.0/base/bin/gmake  -f CMakeFiles/cmTC_eb3e1.dir/build.make CMakeFiles/cmTC_eb3e1.dir/build
gmake[1]: Entering directory '/home/jellyfish/shared-folder/MACSProject2/build/CMakeFiles/CMakeTmp'
Building C object CMakeFiles/cmTC_eb3e1.dir/CMakeCCompilerABI.c.o
/u/sw/toolchains/gcc-glibc/11.2.0/prefix/bin/gcc   -v -o CMakeFiles/cmTC_eb3e1.dir/CMakeCCompilerABI.c.o -c /u/sw/toolchains/gcc-glibc/11.2.0/base/share/cmake-3.20/Modules/CMakeCCompilerABI.c
Using built-in specs.
COLLECT_GCC=/u/sw/toolchains/gcc-glibc/11.2.0/prefix/bin/gcc
Target: x86_64-mk-linux
Configured with: ../gcc-11.2.0/configure --build=x86_64-mk-linux --prefix=/u/sw/toolchains/gcc-glibc/11.2.0/prefix --with-local-prefix=/u/sw/toolchains/gcc-glibc/11.2.0/base --with-native-system-header-dir=/u/sw/toolchains/gcc-glibc/11.2.0/prefix/include --with-pkgversion=mk-2022.0 --with-bugurl=https://github.com/elauksap/mk/issues --disable-nls --disable-multilib --enable-shared --enable-threads=posix --enable-__cxa_atexit --enable-lto --enable-libgomp --disable-libstdcxx-pch --enable-bootstrap --enable-languages=c,c++,fortran
Thread model: posix
Supported LTO compression algorithms: zlib
gcc version 11.2.0 (mk-2022.0) 
COLLECT_GCC_OPTIONS='-v' '-o' 'CMakeFiles/cmTC_eb3e1.dir/CMakeCCompilerABI.c.o' '-c' '-mtune=generic' '-march=x86-64' '-dumpdir' 'CMakeFiles/cmTC_eb3e1.dir/'
 /u/sw/toolchains/gcc-glibc/11.2.0/prefix/libexec/gcc/x86_64-mk-linux/11.2.0/cc1 -quiet -v /u/sw/toolchains/gcc-glibc/11.2.0/base/share/cmake-3.20/Modules/CMakeCCompilerABI.c -quiet -dumpdir CMakeFiles/cmTC_eb3e1.dir/ -dumpbase CMakeCCompilerABI.c.c -dumpbase-ext .c -mtune=generic -march=x86-64 -version -o /tmp/cc1HI12v.s
GNU C17 (mk-2022.0) version 11.2.0 (x86_64-mk-linux)
	compiled by GNU C version 11.2.0, GMP version 6.2.1, MPFR version 4.1.0, MPC version 1.2.1, isl version isl-0.24-GMP

GGC heuristics: --param ggc-min-expand=100 --param ggc-min-heapsize=131072
ignoring nonexistent directory "/u/sw/toolchains/gcc-glibc/11.2.0/prefix/lib/gcc/x86_64-mk-linux/11.2.0/../../../../x86_64-mk-linux/include"
ignoring duplicate directory "/u/sw/toolchains/gcc-glibc/11.2.0/prefix/include"
#include "..." search starts here:
#include <...> search starts here:
 /u/sw/toolchains/gcc-glibc/11.2.0/prefix/lib/gcc/x86_64-mk-linux/11.2.0/include
 /u/sw/toolchains/gcc-glibc/11.2.0/base/include
 /u/sw/toolchains/gcc-glibc/11.2.0/prefix/include
 /u/sw/toolchains/gcc-glibc/11.2.0/prefix/lib/gcc/x86_64-mk-linux/11.2.0/include-fixed
End of search list.
GNU C17 (mk-2022.0) version 11.2.0 (x86_64-mk-linux)
	compiled by GNU C version 11.2.0, GMP version 6.2.1, MPFR version 4.1.0, MPC version 1.2.1, isl version isl-0.24-GMP

GGC heuristics: --param ggc-min-expand=100 --param ggc-min-heapsize=131072
Compiler executable checksum: fef687ae531b12ba2820f2561dc6d2bb
COLLECT_GCC_OPTIONS='-v' '-o' 'CMakeFiles/cmTC_eb3e1.dir/CMakeCCompilerABI.c.o' '-c' '-mtune=generic' '-march=x86-64' '-dumpdir' 'CMakeFiles/cmTC_eb3e1.dir/'
 /u/sw/toolchains/gcc-glibc/11.2.0/prefix/lib/gcc/x86_64-mk-linux/11.2.0/../../../../x86_64-mk-linux/bin/as -v --64 -o CMakeFiles/cmTC_eb3e1.dir/CMakeCCompilerABI.c.o /tmp/cc1HI12v.s
GNU assembler version 2.37 (x86_64-mk-linux) using BFD version (mk-2022.0) 2.37
COMPILER_PATH=/u/sw/toolchains/gcc-glibc/11.2.0/prefix/libexec/gcc/x86_64-mk-linux/11.2.0/:/u/sw/toolchains/gcc-glibc/11.2.0/prefix/libexec/gcc/x86_64-mk-linux/11.2.0/:/u/sw/toolchains/gcc-glibc/11.2.0/prefix/libexec/gcc/x86_64-mk-linux/:/u/sw/toolchains/gcc-glibc/11.2.0/prefix/lib/gcc/x86_64-mk-linux/11.2.0/:/u/sw/toolchains/gcc-glibc/11.2.0/prefix/lib/gcc/x86_64-mk-linux/:/u/sw/toolchains/gcc-glibc/11.2.0/prefix/lib/gcc/x86_64-mk-linux/11.2.0/../../../../x86_64-mk-linux/bin/
LIBRARY_PATH=/u/sw/toolchains/gcc-glibc/11.2.0/prefix/lib/gcc/x86_64-mk-linux/11.2.0/:/u/sw/toolchains/gcc-glibc/11.2.0/prefix/lib/gcc/x86_64-mk-linux/11.2.0/../../../../x86_64-mk-linux/lib/../lib/:/u/sw/toolchains/gcc-glibc/11.2.0/prefix/lib/gcc/x86_64-mk-linux/11.2.0/../../../../lib/:/u/sw/toolchains/gcc-glibc/11.2.0/prefix/lib/gcc/x86_64-mk-linux/11.2.0/../../../../x86_64-mk-linux/lib/:/u/sw/toolchains/gcc-glibc/11.2.0/prefix/lib/gcc/x86_64-mk-linux/11.2.0/../../../:/u/sw/toolchains/gcc-glibc/11.2.0/prefix/lib:/u/sw/toolchains/gcc-glibc/11.2.0/base/lib
COLLECT_GCC_OPTIONS='-v' '-o' 'CMakeFiles/cmTC_eb3e1.dir/CMakeCCompilerABI.c.o' '-c' '-mtune=generic' '-march=x86-64' '-dumpdir' 'CMakeFiles/cmTC_eb3e1.dir/CMakeCCompilerABI.c.'
Linking C executable cmTC_eb3e1
/u/sw/toolchains/gcc-glibc/11.2.0/base/bin/cmake -E cmake_link_script CMakeFiles/cmTC_eb3e1.dir/link.txt --verbose=1
/u/sw/toolchains/gcc-glibc/11.2.0/prefix/bin/gcc  -v -rdynamic CMakeFiles/cmTC_eb3e1.dir/CMakeCCompilerABI.c.o -o cmTC_eb3e1 
Using built-in specs.
COLLECT_GCC=/u/sw/toolchains/gcc-glibc/11.2.0/prefix/bin/gcc
COLLECT_LTO_WRAPPER=/u/sw/toolchains/gcc-glibc/11.2.0/prefix/libexec/gcc/x86_64-mk-linux/11.2.0/lto-wrapper
Target: x86_64-mk-linux
Configured with: ../gcc-11.2.0/configure --build=x86_64-mk-linux --prefix=/u/sw/toolchains/gcc-glibc/11.2.0/prefix --with-local-prefix=/u/sw/toolchains/gcc-glibc/11.2.0/base --with-native-system-header-dir=/u/sw/toolchains/gcc-glibc/11.2.0/prefix/include --with-pkgversion=mk-2022.0 --with-bugurl=https://github.com/elauksap/mk/issues --disable-nls --disable-multilib --enable-shared --enable-threads=posix --enable-__cxa_atexit --enable-lto --enable-libgomp --disable-libstdcxx-pch --enable-bootstrap --enable-languages=c,c++,fortran
Thread model: posix
Supported LTO compression algorithms: zlib
gcc version 11.2.0 (mk-2022.0) 
COMPILER_PATH=/u/sw/toolchains/gcc-glibc/11.2.0/prefix/libexec/gcc/x86_64-mk-linux/11.2.0/:/u/sw/toolchains/gcc-glibc/11.2.0/prefix/libexec/gcc/x86_64-mk-linux/11.2.0/:/u/sw/toolchains/gcc-glibc/11.2.0/prefix/libexec/gcc/x86_64-mk-linux/:/u/sw/toolchains/gcc-glibc/11.2.0/prefix/lib/gcc/x86_64-mk-linux/11.2.0/:/u/sw/toolchains/gcc-glibc/11.2.0/prefix/lib/gcc/x86_64-mk-linux/:/u/sw/toolchains/gcc-glibc/11.2.0/prefix/lib/gcc/x86_64-mk-linux/11.2.0/../../../../x86_64-mk-linux/bin/
LIBRARY_PATH=/u/sw/toolchains/gcc-glibc/11.2.0/prefix/lib/gcc/x86_64-mk-linux/11.2.0/:/u/sw/toolchains/gcc-glibc/11.2.0/prefix/lib/gcc/x86_64-mk-linux/11.2.0/../../../../x86_64-mk-linux/lib/../lib/:/u/sw/toolchains/gcc-glibc/11.2.0/prefix/lib/gcc/x86_64-mk-linux/11.2.0/../../../../lib/:/u/sw/toolchains/gcc-glibc/11.2.0/prefix/lib/gcc/x86_64-mk-linux/11.2.0/../../../../x86_64-mk-linux/lib/:/u/sw/toolchains/gcc-glibc/11.2.0/prefix/lib/gcc/x86_64-mk-linux/11.2.0/../../../:/u/sw/toolchains/gcc-glibc/11.2.0/prefix/lib:/u/sw/toolchains/gcc-glibc/11.2.0/base/lib
COLLECT_GCC_OPTIONS='-v' '-rdynamic' '-o' 'cmTC_eb3e1' '-mtune=generic' '-march=x86-64' '-dumpdir' 'cmTC_eb3e1.'
 /u/sw/toolchains/gcc-glibc/11.2.0/prefix/libexec/gcc/x86_64-mk-linux/11.2.0/collect2 -plugin /u/sw/toolchains/gcc-glibc/11.2.0/prefix/libexec/gcc/x86_64-mk-linux/11.2.0/liblto_plugin.so -plugin-opt=/u/sw/toolchains/gcc-glibc/11.2.0/prefix/libexec/gcc/x86_64-mk-linux/11.2.0/lto-wrapper -plugin-opt=-fresolution=/tmp/cclw92f4.res -plugin-opt=-pass-through=-lgcc -plugin-opt=-pass-through=-lgcc_s -plugin-opt=-pass-through=-lc -plugin-opt=-pass-through=-lgcc -plugin-opt=-pass-through=-lgcc_s --eh-frame-hdr -m elf_x86_64 -export-dynamic -dynamic-linker /u/sw/toolchains/gcc-glibc/11.2.0/prefix/lib/ld-linux-x86-64.so.2 -o cmTC_eb3e1 /u/sw/toolchains/gcc-glibc/11.2.0/prefix/lib/gcc/x86_64-mk-linux/11.2.0/../../../../lib/crt1.o /u/sw/toolchains/gcc-glibc/11.2.0/prefix/lib/gcc/x86_64-mk-linux/11.2.0/../../../../lib/crti.o /u/sw/toolchains/gcc-glibc/11.2.0/prefix/lib/gcc/x86_64-mk-linux/11.2.0/crtbegin.o -L/u/sw/toolchains/gcc-glibc/11.2.0/prefix/lib/gcc/x86_64-mk-linux/11.2.0 -L/u/sw/toolchains/gcc-glibc/11.2.0/prefix/lib/gcc/x86_64-mk-linux/11.2.0/../../../../x86_64-mk-linux/lib/../lib -L/u/sw/toolchains/gcc-glibc/11.2.0/prefix/lib/gcc/x86_64-mk-linux/11.2.0/../../../../lib -L/u/sw/toolchains/gcc-glibc/11.2.0/prefix/lib/gcc/x86_64-mk-linux/11.2.0/../../../../x86_64-mk-linux/lib -L/u/sw/toolchains/gcc-glibc/11.2.0/prefix/lib/gcc/x86_64-mk-linux/11.2.0/../../.. -L/u/sw/toolchains/gcc-glibc/11.2.0/prefix/lib -L/u/sw/toolchains/gcc-glibc/11.2.0/base/lib CMakeFiles/cmTC_eb3e1.dir/CMakeCCompilerABI.c.o -lgcc --push-state --as-needed -lgcc_s --pop-state -lc -lgcc --push-state --as-needed -lgcc_s --pop-state /u/sw/toolchains/gcc-glibc/11.2.0/prefix/lib/gcc/x86_64-mk-linux/11.2.0/crtend.o /u/sw/toolchains/gcc-glibc/11.2.0/prefix/lib/gcc/x86_64-mk-linux/11.2.0/../../../../lib/crtn.o
COLLECT_GCC_OPTIONS='-v' '-rdynamic' '-o' 'cmTC_eb3e1' '-mtune=generic' '-march=x86-64' '-dumpdir' 'cmTC_eb3e1.'
gmake[1]: Leaving directory '/home/jellyfish/shared-folder/MACSProject2/build/CMakeFiles/CMakeTmp'



Parsed C implicit include dir info from above output: rv=done
  found start of include info
  found start of implicit include info
    add: [/u/sw/toolchains/gcc-glibc/11.2.0/prefix/lib/gcc/x86_64-mk-linux/11.2.0/include]
    add: [/u/sw/toolchains/gcc-glibc/11.2.0/base/include]
    add: [/u/sw/toolchains/gcc-glibc/11.2.0/prefix/include]
    add: [/u/sw/toolchains/gcc-glibc/11.2.0/prefix/lib/gcc/x86_64-mk-linux/11.2.0/include-fixed]
  end of search list found
  collapse include dir [/u/sw/toolchains/gcc-glibc/11.2.0/prefix/lib/gcc/x86_64-mk-linux/11.2.0/include] ==> [/u/sw/toolchains/gcc-glibc/11.2.0/prefix/lib/gcc/x86_64-mk-linux/11.2.0/include]
  collapse include dir [/u/sw/toolchains/gcc-glibc/11.2.0/base/include] ==> [/u/sw/toolchains/gcc-glibc/11.2.0/base/include]
  collapse include dir [/u/sw/toolchains/gcc-glibc/11.2.0/prefix/include] ==> [/u/sw/toolchains/gcc-glibc/11.2.0/prefix/include]
  collapse include dir [/u/sw/toolchains/gcc-glibc/11.2.0/prefix/lib/gcc/x86_64-mk-linux/11.2.0/include-fixed] ==> [/u/sw/toolchains/gcc-glibc/11.2.0/prefix/lib/gcc/x86_64-mk-linux/11.2.0/include-fixed]
  implicit include dirs: [/u/sw/toolchains/gcc-glibc/11.2.0/prefix/lib/gcc/x86_64-mk-linux/11.2.0/include;/u/sw/toolchains/gcc-glibc/11.2.0/base/include;/u/sw/toolchains/gcc-glibc/11.2.0/prefix/include;/u/sw/toolchains/gcc-glibc/11.2.0/prefix/lib/gcc/x86_64-mk-linux/11.2.0/include-fixed]


Parsed C implicit link information from above output:
  link line regex: [^( *|.*[/\])(CMAKE_LINKER-NOTFOUND|CMAKE_LINK_STARTFILE-NOTFOUND|([^/\]+-)?ld|collect2)[^/\]*( |$)]
  ignore line: [Change Dir: /home/jellyfish/shared-folder/MACSProject2/build/CMakeFiles/CMakeTmp]
  ignore line: []
  ignore line: [Run Build Command(s):/u/sw/toolchains/gcc-glibc/11.2.0/base/bin/gmake -f Makefile cmTC_eb3e1/fast && /u/sw/toolchains/gcc-glibc/11.2.0/base/bin/gmake  -f CMakeFiles/cmTC_eb3e1.dir/build.make CMakeFiles/cmTC_eb3e1.dir/build]
  ignore line: [gmake[1]: Entering directory '/home/jellyfish/shared-folder/MACSProject2/build/CMakeFiles/CMakeTmp']
  ignore line: [Building C object CMakeFiles/cmTC_eb3e1.dir/CMakeCCompilerABI.c.o]
  ignore line: [/u/sw/toolchains/gcc-glibc/11.2.0/prefix/bin/gcc   -v -o CMakeFiles/cmTC_eb3e1.dir/CMakeCCompilerABI.c.o -c /u/sw/toolchains/gcc-glibc/11.2.0/base/share/cmake-3.20/Modules/CMakeCCompilerABI.c]
  ignore line: [Using built-in specs.]
  ignore line: [COLLECT_GCC=/u/sw/toolchains/gcc-glibc/11.2.0/prefix/bin/gcc]
  ignore line: [Target: x86_64-mk-linux]
  ignore line: [Configured with: ../gcc-11.2.0/configure --build=x86_64-mk-linux --prefix=/u/sw/toolchains/gcc-glibc/11.2.0/prefix --with-local-prefix=/u/sw/toolchains/gcc-glibc/11.2.0/base --with-native-system-header-dir=/u/sw/toolchains/gcc-glibc/11.2.0/prefix/include --with-pkgversion=mk-2022.0 --with-bugurl=https://github.com/elauksap/mk/issues --disable-nls --disable-multilib --enable-shared --enable-threads=posix --enable-__cxa_atexit --enable-lto --enable-libgomp --disable-libstdcxx-pch --enable-bootstrap --enable-languages=c c++ fortran]
  ignore line: [Thread model: posix]
  ignore line: [Supported LTO compression algorithms: zlib]
  ignore line: [gcc version 11.2.0 (mk-2022.0) ]
  ignore line: [COLLECT_GCC_OPTIONS='-v' '-o' 'CMakeFiles/cmTC_eb3e1.dir/CMakeCCompilerABI.c.o' '-c' '-mtune=generic' '-march=x86-64' '-dumpdir' 'CMakeFiles/cmTC_eb3e1.dir/']
  ignore line: [ /u/sw/toolchains/gcc-glibc/11.2.0/prefix/libexec/gcc/x86_64-mk-linux/11.2.0/cc1 -quiet -v /u/sw/toolchains/gcc-glibc/11.2.0/base/share/cmake-3.20/Modules/CMakeCCompilerABI.c -quiet -dumpdir CMakeFiles/cmTC_eb3e1.dir/ -dumpbase CMakeCCompilerABI.c.c -dumpbase-ext .c -mtune=generic -march=x86-64 -version -o /tmp/cc1HI12v.s]
  ignore line: [GNU C17 (mk-2022.0) version 11.2.0 (x86_64-mk-linux)]
  ignore line: [	compiled by GNU C version 11.2.0  GMP version 6.2.1  MPFR version 4.1.0  MPC version 1.2.1  isl version isl-0.24-GMP]
  ignore line: []
  ignore line: [GGC heuristics: --param ggc-min-expand=100 --param ggc-min-heapsize=131072]
  ignore line: [ignoring nonexistent directory "/u/sw/toolchains/gcc-glibc/11.2.0/prefix/lib/gcc/x86_64-mk-linux/11.2.0/../../../../x86_64-mk-linux/include"]
  ignore line: [ignoring duplicate directory "/u/sw/toolchains/gcc-glibc/11.2.0/prefix/include"]
  ignore line: [#include "..." search starts here:]
  ignore line: [#include <...> search starts here:]
  ignore line: [ /u/sw/toolchains/gcc-glibc/11.2.0/prefix/lib/gcc/x86_64-mk-linux/11.2.0/include]
  ignore line: [ /u/sw/toolchains/gcc-glibc/11.2.0/base/include]
  ignore line: [ /u/sw/toolchains/gcc-glibc/11.2.0/prefix/include]
  ignore line: [ /u/sw/toolchains/gcc-glibc/11.2.0/prefix/lib/gcc/x86_64-mk-linux/11.2.0/include-fixed]
  ignore line: [End of search list.]
  ignore line: [GNU C17 (mk-2022.0) version 11.2.0 (x86_64-mk-linux)]
  ignore line: [	compiled by GNU C version 11.2.0  GMP version 6.2.1  MPFR version 4.1.0  MPC version 1.2.1  isl version isl-0.24-GMP]
  ignore line: []
  ignore line: [GGC heuristics: --param ggc-min-expand=100 --param ggc-min-heapsize=131072]
  ignore line: [Compiler executable checksum: fef687ae531b12ba2820f2561dc6d2bb]
  ignore line: [COLLECT_GCC_OPTIONS='-v' '-o' 'CMakeFiles/cmTC_eb3e1.dir/CMakeCCompilerABI.c.o' '-c' '-mtune=generic' '-march=x86-64' '-dumpdir' 'CMakeFiles/cmTC_eb3e1.dir/']
  ignore line: [ /u/sw/toolchains/gcc-glibc/11.2.0/prefix/lib/gcc/x86_64-mk-linux/11.2.0/../../../../x86_64-mk-linux/bin/as -v --64 -o CMakeFiles/cmTC_eb3e1.dir/CMakeCCompilerABI.c.o /tmp/cc1HI12v.s]
  ignore line: [GNU assembler version 2.37 (x86_64-mk-linux) using BFD version (mk-2022.0) 2.37]
  ignore line: [COMPILER_PATH=/u/sw/toolchains/gcc-glibc/11.2.0/prefix/libexec/gcc/x86_64-mk-linux/11.2.0/:/u/sw/toolchains/gcc-glibc/11.2.0/prefix/libexec/gcc/x86_64-mk-linux/11.2.0/:/u/sw/toolchains/gcc-glibc/11.2.0/prefix/libexec/gcc/x86_64-mk-linux/:/u/sw/toolchains/gcc-glibc/11.2.0/prefix/lib/gcc/x86_64-mk-linux/11.2.0/:/u/sw/toolchains/gcc-glibc/11.2.0/prefix/lib/gcc/x86_64-mk-linux/:/u/sw/toolchains/gcc-glibc/11.2.0/prefix/lib/gcc/x86_64-mk-linux/11.2.0/../../../../x86_64-mk-linux/bin/]
  ignore line: [LIBRARY_PATH=/u/sw/toolchains/gcc-glibc/11.2.0/prefix/lib/gcc/x86_64-mk-linux/11.2.0/:/u/sw/toolchains/gcc-glibc/11.2.0/prefix/lib/gcc/x86_64-mk-linux/11.2.0/../../../../x86_64-mk-linux/lib/../lib/:/u/sw/toolchains/gcc-glibc/11.2.0/prefix/lib/gcc/x86_64-mk-linux/11.2.0/../../../../lib/:/u/sw/toolchains/gcc-glibc/11.2.0/prefix/lib/gcc/x86_64-mk-linux/11.2.0/../../../../x86_64-mk-linux/lib/:/u/sw/toolchains/gcc-glibc/11.2.0/prefix/lib/gcc/x86_64-mk-linux/11.2.0/../../../:/u/sw/toolchains/gcc-glibc/11.2.0/prefix/lib:/u/sw/toolchains/gcc-glibc/11.2.0/base/lib]
  ignore line: [COLLECT_GCC_OPTIONS='-v' '-o' 'CMakeFiles/cmTC_eb3e1.dir/CMakeCCompilerABI.c.o' '-c' '-mtune=generic' '-march=x86-64' '-dumpdir' 'CMakeFiles/cmTC_eb3e1.dir/CMakeCCompilerABI.c.']
  ignore line: [Linking C executable cmTC_eb3e1]
  ignore line: [/u/sw/toolchains/gcc-glibc/11.2.0/base/bin/cmake -E cmake_link_script CMakeFiles/cmTC_eb3e1.dir/link.txt --verbose=1]
  ignore line: [/u/sw/toolchains/gcc-glibc/11.2.0/prefix/bin/gcc  -v -rdynamic CMakeFiles/cmTC_eb3e1.dir/CMakeCCompilerABI.c.o -o cmTC_eb3e1 ]
  ignore line: [Using built-in specs.]
  ignore line: [COLLECT_GCC=/u/sw/toolchains/gcc-glibc/11.2.0/prefix/bin/gcc]
  ignore line: [COLLECT_LTO_WRAPPER=/u/sw/toolchains/gcc-glibc/11.2.0/prefix/libexec/gcc/x86_64-mk-linux/11.2.0/lto-wrapper]
  ignore line: [Target: x86_64-mk-linux]
  ignore line: [Configured with: ../gcc-11.2.0/configure --build=x86_64-mk-linux --prefix=/u/sw/toolchains/gcc-glibc/11.2.0/prefix --with-local-prefix=/u/sw/toolchains/gcc-glibc/11.2.0/base --with-native-system-header-dir=/u/sw/toolchains/gcc-glibc/11.2.0/prefix/include --with-pkgversion=mk-2022.0 --with-bugurl=https://github.com/elauksap/mk/issues --disable-nls --disable-multilib --enable-shared --enable-threads=posix --enable-__cxa_atexit --enable-lto --enable-libgomp --disable-libstdcxx-pch --enable-bootstrap --enable-languages=c c++ fortran]
  ignore line: [Thread model: posix]
  ignore line: [Supported LTO compression algorithms: zlib]
  ignore line: [gcc version 11.2.0 (mk-2022.0) ]
  ignore line: [COMPILER_PATH=/u/sw/toolchains/gcc-glibc/11.2.0/prefix/libexec/gcc/x86_64-mk-linux/11.2.0/:/u/sw/toolchains/gcc-glibc/11.2.0/prefix/libexec/gcc/x86_64-mk-linux/11.2.0/:/u/sw/toolchains/gcc-glibc/11.2.0/prefix/libexec/gcc/x86_64-mk-linux/:/u/sw/toolchains/gcc-glibc/11.2.0/prefix/lib/gcc/x86_64-mk-linux/11.2.0/:/u/sw/toolchains/gcc-glibc/11.2.0/prefix/lib/gcc/x86_64-mk-linux/:/u/sw/toolchains/gcc-glibc/11.2.0/prefix/lib/gcc/x86_64-mk-linux/11.2.0/../../../../x86_64-mk-linux/bin/]
  ignore line: [LIBRARY_PATH=/u/sw/toolchains/gcc-glibc/11.2.0/prefix/lib/gcc/x86_64-mk-linux/11.2.0/:/u/sw/toolchains/gcc-glibc/11.2.0/prefix/lib/gcc/x86_64-mk-linux/11.2.0/../../../../x86_64-mk-linux/lib/../lib/:/u/sw/toolchains/gcc-glibc/11.2.0/prefix/lib/gcc/x86_64-mk-linux/11.2.0/../../../../lib/:/u/sw/toolchains/gcc-glibc/11.2.0/prefix/lib/gcc/x86_64-mk-linux/11.2.0/../../../../x86_64-mk-linux/lib/:/u/sw/toolchains/gcc-glibc/11.2.0/prefix/lib/gcc/x86_64-mk-linux/11.2.0/../../../:/u/sw/toolchains/gcc-glibc/11.2.0/prefix/lib:/u/sw/toolchains/gcc-glibc/11.2.0/base/lib]
  ignore line: [COLLECT_GCC_OPTIONS='-v' '-rdynamic' '-o' 'cmTC_eb3e1' '-mtune=generic' '-march=x86-64' '-dumpdir' 'cmTC_eb3e1.']
  link line: [ /u/sw/toolchains/gcc-glibc/11.2.0/prefix/libexec/gcc/x86_64-mk-linux/11.2.0/collect2 -plugin /u/sw/toolchains/gcc-glibc/11.2.0/prefix/libexec/gcc/x86_64-mk-linux/11.2.0/liblto_plugin.so -plugin-opt=/u/sw/toolchains/gcc-glibc/11.2.0/prefix/libexec/gcc/x86_64-mk-linux/11.2.0/lto-wrapper -plugin-opt=-fresolution=/tmp/cclw92f4.res -plugin-opt=-pass-through=-lgcc -plugin-opt=-pass-through=-lgcc_s -plugin-opt=-pass-through=-lc -plugin-opt=-pass-through=-lgcc -plugin-opt=-pass-through=-lgcc_s --eh-frame-hdr -m elf_x86_64 -export-dynamic -dynamic-linker /u/sw/toolchains/gcc-glibc/11.2.0/prefix/lib/ld-linux-x86-64.so.2 -o cmTC_eb3e1 /u/sw/toolchains/gcc-glibc/11.2.0/prefix/lib/gcc/x86_64-mk-linux/11.2.0/../../../../lib/crt1.o /u/sw/toolchains/gcc-glibc/11.2.0/prefix/lib/gcc/x86_64-mk-linux/11.2.0/../../../../lib/crti.o /u/sw/toolchains/gcc-glibc/11.2.0/prefix/lib/gcc/x86_64-mk-linux/11.2.0/crtbegin.o -L/u/sw/toolchains/gcc-glibc/11.2.0/prefix/lib/gcc/x86_64-mk-linux/11.2.0 -L/u/sw/toolchains/gcc-glibc/11.2.0/prefix/lib/gcc/x86_64-mk-linux/11.2.0/../../../../x86_64-mk-linux/lib/../lib -L/u/sw/toolchains/gcc-glibc/11.2.0/prefix/lib/gcc/x86_64-mk-linux/11.2.0/../../../../lib -L/u/sw/toolchains/gcc-glibc/11.2.0/prefix/lib/gcc/x86_64-mk-linux/11.2.0/../../../../x86_64-mk-linux/lib -L/u/sw/toolchains/gcc-glibc/11.2.0/prefix/lib/gcc/x86_64-mk-linux/11.2.0/../../.. -L/u/sw/toolchains/gcc-glibc/11.2.0/prefix/lib -L/u/sw/toolchains/gcc-glibc/11.2.0/base/lib CMakeFiles/cmTC_eb3e1.dir/CMakeCCompilerABI.c.o -lgcc --push-state --as-needed -lgcc_s --pop-state -lc -lgcc --push-state --as-needed -lgcc_s --pop-state /u/sw/toolchains/gcc-glibc/11.2.0/prefix/lib/gcc/x86_64-mk-linux/11.2.0/crtend.o /u/sw/toolchains/gcc-glibc/11.2.0/prefix/lib/gcc/x86_64-mk-linux/11.2.0/../../../../lib/crtn.o]
    arg [/u/sw/toolchains/gcc-glibc/11.2.0/prefix/libexec/gcc/x86_64-mk-linux/11.2.0/collect2] ==> ignore
    arg [-plugin] ==> ignore
    arg [/u/sw/toolchains/gcc-glibc/11.2.0/prefix/libexec/gcc/x86_64-mk-linux/11.2.0/liblto_plugin.so] ==> ignore
    arg [-plugin-opt=/u/sw/toolchains/gcc-glibc/11.2.0/prefix/libexec/gcc/x86_64-mk-linux/11.2.0/lto-wrapper] ==> ignore
    arg [-plugin-opt=-fresolution=/tmp/cclw92f4.res] ==> ignore
    arg [-plugin-opt=-pass-through=-lgcc] ==> ignore
    arg [-plugin-opt=-pass-through=-lgcc_s] ==> ignore
    arg [-plugin-opt=-pass-through=-lc] ==> ignore
    arg [-plugin-opt=-pass-through=-lgcc] ==> ignore
    arg [-plugin-opt=-pass-through=-lgcc_s] ==> ignore
    arg [--eh-frame-hdr] ==> ignore
    arg [-m] ==> ignore
    arg [elf_x86_64] ==> ignore
    arg [-export-dynamic] ==> ignore
    arg [-dynamic-linker] ==> ignore
    arg [/u/sw/toolchains/gcc-glibc/11.2.0/prefix/lib/ld-linux-x86-64.so.2] ==> ignore
    arg [-o] ==> ignore
    arg [cmTC_eb3e1] ==> ignore
    arg [/u/sw/toolchains/gcc-glibc/11.2.0/prefix/lib/gcc/x86_64-mk-linux/11.2.0/../../../../lib/crt1.o] ==> obj [/u/sw/toolchains/gcc-glibc/11.2.0/prefix/lib/gcc/x86_64-mk-linux/11.2.0/../../../../lib/crt1.o]
    arg [/u/sw/toolchains/gcc-glibc/11.2.0/prefix/lib/gcc/x86_64-mk-linux/11.2.0/../../../../lib/crti.o] ==> obj [/u/sw/toolchains/gcc-glibc/11.2.0/prefix/lib/gcc/x86_64-mk-linux/11.2.0/../../../../lib/crti.o]
    arg [/u/sw/toolchains/gcc-glibc/11.2.0/prefix/lib/gcc/x86_64-mk-linux/11.2.0/crtbegin.o] ==> obj [/u/sw/toolchains/gcc-glibc/11.2.0/prefix/lib/gcc/x86_64-mk-linux/11.2.0/crtbegin.o]
    arg [-L/u/sw/toolchains/gcc-glibc/11.2.0/prefix/lib/gcc/x86_64-mk-linux/11.2.0] ==> dir [/u/sw/toolchains/gcc-glibc/11.2.0/prefix/lib/gcc/x86_64-mk-linux/11.2.0]
    arg [-L/u/sw/toolchains/gcc-glibc/11.2.0/prefix/lib/gcc/x86_64-mk-linux/11.2.0/../../../../x86_64-mk-linux/lib/../lib] ==> dir [/u/sw/toolchains/gcc-glibc/11.2.0/prefix/lib/gcc/x86_64-mk-linux/11.2.0/../../../../x86_64-mk-linux/lib/../lib]
    arg [-L/u/sw/toolchains/gcc-glibc/11.2.0/prefix/lib/gcc/x86_64-mk-linux/11.2.0/../../../../lib] ==> dir [/u/sw/toolchains/gcc-glibc/11.2.0/prefix/lib/gcc/x86_64-mk-linux/11.2.0/../../../../lib]
    arg [-L/u/sw/toolchains/gcc-glibc/11.2.0/prefix/lib/gcc/x86_64-mk-linux/11.2.0/../../../../x86_64-mk-linux/lib] ==> dir [/u/sw/toolchains/gcc-glibc/11.2.0/prefix/lib/gcc/x86_64-mk-linux/11.2.0/../../../../x86_64-mk-linux/lib]
    arg [-L/u/sw/toolchains/gcc-glibc/11.2.0/prefix/lib/gcc/x86_64-mk-linux/11.2.0/../../..] ==> dir [/u/sw/toolchains/gcc-glibc/11.2.0/prefix/lib/gcc/x86_64-mk-linux/11.2.0/../../..]
    arg [-L/u/sw/toolchains/gcc-glibc/11.2.0/prefix/lib] ==> dir [/u/sw/toolchains/gcc-glibc/11.2.0/prefix/lib]
    arg [-L/u/sw/toolchains/gcc-glibc/11.2.0/base/lib] ==> dir [/u/sw/toolchains/gcc-glibc/11.2.0/base/lib]
    arg [CMakeFiles/cmTC_eb3e1.dir/CMakeCCompilerABI.c.o] ==> ignore
    arg [-lgcc] ==> lib [gcc]
    arg [--push-state] ==> ignore
    arg [--as-needed] ==> ignore
    arg [-lgcc_s] ==> lib [gcc_s]
    arg [--pop-state] ==> ignore
    arg [-lc] ==> lib [c]
    arg [-lgcc] ==> lib [gcc]
    arg [--push-state] ==> ignore
    arg [--as-needed] ==> ignore
    arg [-lgcc_s] ==> lib [gcc_s]
    arg [--pop-state] ==> ignore
    arg [/u/sw/toolchains/gcc-glibc/11.2.0/prefix/lib/gcc/x86_64-mk-linux/11.2.0/crtend.o] ==> obj [/u/sw/toolchains/gcc-glibc/11.2.0/prefix/lib/gcc/x86_64-mk-linux/11.2.0/crtend.o]
    arg [/u/sw/toolchains/gcc-glibc/11.2.0/prefix/lib/gcc/x86_64-mk-linux/11.2.0/../../../../lib/crtn.o] ==> obj [/u/sw/toolchains/gcc-glibc/11.2.0/prefix/lib/gcc/x86_64-mk-linux/11.2.0/../../../../lib/crtn.o]
  collapse obj [/u/sw/toolchains/gcc-glibc/11.2.0/prefix/lib/gcc/x86_64-mk-linux/11.2.0/../../../../lib/crt1.o] ==> [/u/sw/toolchains/gcc-glibc/11.2.0/prefix/lib/crt1.o]
  collapse obj [/u/sw/toolchains/gcc-glibc/11.2.0/prefix/lib/gcc/x86_64-mk-linux/11.2.0/../../../../lib/crti.o] ==> [/u/sw/toolchains/gcc-glibc/11.2.0/prefix/lib/crti.o]
  collapse obj [/u/sw/toolchains/gcc-glibc/11.2.0/prefix/lib/gcc/x86_64-mk-linux/11.2.0/../../../../lib/crtn.o] ==> [/u/sw/toolchains/gcc-glibc/11.2.0/prefix/lib/crtn.o]
  collapse library dir [/u/sw/toolchains/gcc-glibc/11.2.0/prefix/lib/gcc/x86_64-mk-linux/11.2.0] ==> [/u/sw/toolchains/gcc-glibc/11.2.0/prefix/lib/gcc/x86_64-mk-linux/11.2.0]
  collapse library dir [/u/sw/toolchains/gcc-glibc/11.2.0/prefix/lib/gcc/x86_64-mk-linux/11.2.0/../../../../x86_64-mk-linux/lib/../lib] ==> [/u/sw/toolchains/gcc-glibc/11.2.0/prefix/x86_64-mk-linux/lib]
  collapse library dir [/u/sw/toolchains/gcc-glibc/11.2.0/prefix/lib/gcc/x86_64-mk-linux/11.2.0/../../../../lib] ==> [/u/sw/toolchains/gcc-glibc/11.2.0/prefix/lib]
  collapse library dir [/u/sw/toolchains/gcc-glibc/11.2.0/prefix/lib/gcc/x86_64-mk-linux/11.2.0/../../../../x86_64-mk-linux/lib] ==> [/u/sw/toolchains/gcc-glibc/11.2.0/prefix/x86_64-mk-linux/lib]
  collapse library dir [/u/sw/toolchains/gcc-glibc/11.2.0/prefix/lib/gcc/x86_64-mk-linux/11.2.0/../../..] ==> [/u/sw/toolchains/gcc-glibc/11.2.0/prefix/lib]
  collapse library dir [/u/sw/toolchains/gcc-glibc/11.2.0/prefix/lib] ==> [/u/sw/toolchains/gcc-glibc/11.2.0/prefix/lib]
  collapse library dir [/u/sw/toolchains/gcc-glibc/11.2.0/base/lib] ==> [/u/sw/toolchains/gcc-glibc/11.2.0/base/lib]
  implicit libs: [gcc;gcc_s;c;gcc;gcc_s]
  implicit objs: [/u/sw/toolchains/gcc-glibc/11.2.0/prefix/lib/crt1.o;/u/sw/toolchains/gcc-glibc/11.2.0/prefix/lib/crti.o;/u/sw/toolchains/gcc-glibc/11.2.0/prefix/lib/gcc/x86_64-mk-linux/11.2.0/crtbegin.o;/u/sw/toolchains/gcc-glibc/11.2.0/prefix/lib/gcc/x86_64-mk-linux/11.2.0/crtend.o;/u/sw/toolchains/gcc-glibc/11.2.0/prefix/lib/crtn.o]
  implicit dirs: [/u/sw/toolchains/gcc-glibc/11.2.0/prefix/lib/gcc/x86_64-mk-linux/11.2.0;/u/sw/toolchains/gcc-glibc/11.2.0/prefix/x86_64-mk-linux/lib;/u/sw/toolchains/gcc-glibc/11.2.0/prefix/lib;/u/sw/toolchains/gcc-glibc/11.2.0/base/lib]
  implicit fwks: []


Detecting CXX compiler ABI info compiled with the following output:
Change Dir: /home/jellyfish/shared-folder/MACSProject2/build/CMakeFiles/CMakeTmp

Run Build Command(s):/u/sw/toolchains/gcc-glibc/11.2.0/base/bin/gmake -f Makefile cmTC_969bd/fast && /u/sw/toolchains/gcc-glibc/11.2.0/base/bin/gmake  -f CMakeFiles/cmTC_969bd.dir/build.make CMakeFiles/cmTC_969bd.dir/build
gmake[1]: Entering directory '/home/jellyfish/shared-folder/MACSProject2/build/CMakeFiles/CMakeTmp'
Building CXX object CMakeFiles/cmTC_969bd.dir/CMakeCXXCompilerABI.cpp.o
/u/sw/toolchains/gcc-glibc/11.2.0/prefix/bin/g++   -v -o CMakeFiles/cmTC_969bd.dir/CMakeCXXCompilerABI.cpp.o -c /u/sw/toolchains/gcc-glibc/11.2.0/base/share/cmake-3.20/Modules/CMakeCXXCompilerABI.cpp
Using built-in specs.
COLLECT_GCC=/u/sw/toolchains/gcc-glibc/11.2.0/prefix/bin/g++
Target: x86_64-mk-linux
Configured with: ../gcc-11.2.0/configure --build=x86_64-mk-linux --prefix=/u/sw/toolchains/gcc-glibc/11.2.0/prefix --with-local-prefix=/u/sw/toolchains/gcc-glibc/11.2.0/base --with-native-system-header-dir=/u/sw/toolchains/gcc-glibc/11.2.0/prefix/include --with-pkgversion=mk-2022.0 --with-bugurl=https://github.com/elauksap/mk/issues --disable-nls --disable-multilib --enable-shared --enable-threads=posix --enable-__cxa_atexit --enable-lto --enable-libgomp --disable-libstdcxx-pch --enable-bootstrap --enable-languages=c,c++,fortran
Thread model: posix
Supported LTO compression algorithms: zlib
gcc version 11.2.0 (mk-2022.0) 
COLLECT_GCC_OPTIONS='-v' '-o' 'CMakeFiles/cmTC_969bd.dir/CMakeCXXCompilerABI.cpp.o' '-c' '-shared-libgcc' '-mtune=generic' '-march=x86-64' '-dumpdir' 'CMakeFiles/cmTC_969bd.dir/'
 /u/sw/toolchains/gcc-glibc/11.2.0/prefix/libexec/gcc/x86_64-mk-linux/11.2.0/cc1plus -quiet -v -D_GNU_SOURCE /u/sw/toolchains/gcc-glibc/11.2.0/base/share/cmake-3.20/Modules/CMakeCXXCompilerABI.cpp -quiet -dumpdir CMakeFiles/cmTC_969bd.dir/ -dumpbase CMakeCXXCompilerABI.cpp.cpp -dumpbase-ext .cpp -mtune=generic -march=x86-64 -version -o /tmp/ccl1QyzN.s
GNU C++17 (mk-2022.0) version 11.2.0 (x86_64-mk-linux)
	compiled by GNU C version 11.2.0, GMP version 6.2.1, MPFR version 4.1.0, MPC version 1.2.1, isl version isl-0.24-GMP

GGC heuristics: --param ggc-min-expand=100 --param ggc-min-heapsize=131072
ignoring nonexistent directory "/u/sw/toolchains/gcc-glibc/11.2.0/prefix/lib/gcc/x86_64-mk-linux/11.2.0/../../../../x86_64-mk-linux/include"
ignoring duplicate directory "/u/sw/toolchains/gcc-glibc/11.2.0/prefix/include"
#include "..." search starts here:
#include <...> search starts here:
 /u/sw/toolchains/gcc-glibc/11.2.0/prefix/lib/gcc/x86_64-mk-linux/11.2.0/../../../../include/c++/11.2.0
 /u/sw/toolchains/gcc-glibc/11.2.0/prefix/lib/gcc/x86_64-mk-linux/11.2.0/../../../../include/c++/11.2.0/x86_64-mk-linux
 /u/sw/toolchains/gcc-glibc/11.2.0/prefix/lib/gcc/x86_64-mk-linux/11.2.0/../../../../include/c++/11.2.0/backward
 /u/sw/toolchains/gcc-glibc/11.2.0/prefix/lib/gcc/x86_64-mk-linux/11.2.0/include
 /u/sw/toolchains/gcc-glibc/11.2.0/base/include
 /u/sw/toolchains/gcc-glibc/11.2.0/prefix/include
 /u/sw/toolchains/gcc-glibc/11.2.0/prefix/lib/gcc/x86_64-mk-linux/11.2.0/include-fixed
End of search list.
GNU C++17 (mk-2022.0) version 11.2.0 (x86_64-mk-linux)
	compiled by GNU C version 11.2.0, GMP version 6.2.1, MPFR version 4.1.0, MPC version 1.2.1, isl version isl-0.24-GMP

GGC heuristics: --param ggc-min-expand=100 --param ggc-min-heapsize=131072
Compiler executable checksum: e9d48fa60ebde083c2bde881b2a1d378
COLLECT_GCC_OPTIONS='-v' '-o' 'CMakeFiles/cmTC_969bd.dir/CMakeCXXCompilerABI.cpp.o' '-c' '-shared-libgcc' '-mtune=generic' '-march=x86-64' '-dumpdir' 'CMakeFiles/cmTC_969bd.dir/'
 /u/sw/toolchains/gcc-glibc/11.2.0/prefix/lib/gcc/x86_64-mk-linux/11.2.0/../../../../x86_64-mk-linux/bin/as -v --64 -o CMakeFiles/cmTC_969bd.dir/CMakeCXXCompilerABI.cpp.o /tmp/ccl1QyzN.s
GNU assembler version 2.37 (x86_64-mk-linux) using BFD version (mk-2022.0) 2.37
COMPILER_PATH=/u/sw/toolchains/gcc-glibc/11.2.0/prefix/libexec/gcc/x86_64-mk-linux/11.2.0/:/u/sw/toolchains/gcc-glibc/11.2.0/prefix/libexec/gcc/x86_64-mk-linux/11.2.0/:/u/sw/toolchains/gcc-glibc/11.2.0/prefix/libexec/gcc/x86_64-mk-linux/:/u/sw/toolchains/gcc-glibc/11.2.0/prefix/lib/gcc/x86_64-mk-linux/11.2.0/:/u/sw/toolchains/gcc-glibc/11.2.0/prefix/lib/gcc/x86_64-mk-linux/:/u/sw/toolchains/gcc-glibc/11.2.0/prefix/lib/gcc/x86_64-mk-linux/11.2.0/../../../../x86_64-mk-linux/bin/
LIBRARY_PATH=/u/sw/toolchains/gcc-glibc/11.2.0/prefix/lib/gcc/x86_64-mk-linux/11.2.0/:/u/sw/toolchains/gcc-glibc/11.2.0/prefix/lib/gcc/x86_64-mk-linux/11.2.0/../../../../x86_64-mk-linux/lib/../lib/:/u/sw/toolchains/gcc-glibc/11.2.0/prefix/lib/gcc/x86_64-mk-linux/11.2.0/../../../../lib/:/u/sw/toolchains/gcc-glibc/11.2.0/prefix/lib/gcc/x86_64-mk-linux/11.2.0/../../../../x86_64-mk-linux/lib/:/u/sw/toolchains/gcc-glibc/11.2.0/prefix/lib/gcc/x86_64-mk-linux/11.2.0/../../../:/u/sw/toolchains/gcc-glibc/11.2.0/prefix/lib:/u/sw/toolchains/gcc-glibc/11.2.0/base/lib
COLLECT_GCC_OPTIONS='-v' '-o' 'CMakeFiles/cmTC_969bd.dir/CMakeCXXCompilerABI.cpp.o' '-c' '-shared-libgcc' '-mtune=generic' '-march=x86-64' '-dumpdir' 'CMakeFiles/cmTC_969bd.dir/CMakeCXXCompilerABI.cpp.'
Linking CXX executable cmTC_969bd
/u/sw/toolchains/gcc-glibc/11.2.0/base/bin/cmake -E cmake_link_script CMakeFiles/cmTC_969bd.dir/link.txt --verbose=1
/u/sw/toolchains/gcc-glibc/11.2.0/prefix/bin/g++  -v -rdynamic CMakeFiles/cmTC_969bd.dir/CMakeCXXCompilerABI.cpp.o -o cmTC_969bd 
Using built-in specs.
COLLECT_GCC=/u/sw/toolchains/gcc-glibc/11.2.0/prefix/bin/g++
COLLECT_LTO_WRAPPER=/u/sw/toolchains/gcc-glibc/11.2.0/prefix/libexec/gcc/x86_64-mk-linux/11.2.0/lto-wrapper
Target: x86_64-mk-linux
Configured with: ../gcc-11.2.0/configure --build=x86_64-mk-linux --prefix=/u/sw/toolchains/gcc-glibc/11.2.0/prefix --with-local-prefix=/u/sw/toolchains/gcc-glibc/11.2.0/base --with-native-system-header-dir=/u/sw/toolchains/gcc-glibc/11.2.0/prefix/include --with-pkgversion=mk-2022.0 --with-bugurl=https://github.com/elauksap/mk/issues --disable-nls --disable-multilib --enable-shared --enable-threads=posix --enable-__cxa_atexit --enable-lto --enable-libgomp --disable-libstdcxx-pch --enable-bootstrap --enable-languages=c,c++,fortran
Thread model: posix
Supported LTO compression algorithms: zlib
gcc version 11.2.0 (mk-2022.0) 
COMPILER_PATH=/u/sw/toolchains/gcc-glibc/11.2.0/prefix/libexec/gcc/x86_64-mk-linux/11.2.0/:/u/sw/toolchains/gcc-glibc/11.2.0/prefix/libexec/gcc/x86_64-mk-linux/11.2.0/:/u/sw/toolchains/gcc-glibc/11.2.0/prefix/libexec/gcc/x86_64-mk-linux/:/u/sw/toolchains/gcc-glibc/11.2.0/prefix/lib/gcc/x86_64-mk-linux/11.2.0/:/u/sw/toolchains/gcc-glibc/11.2.0/prefix/lib/gcc/x86_64-mk-linux/:/u/sw/toolchains/gcc-glibc/11.2.0/prefix/lib/gcc/x86_64-mk-linux/11.2.0/../../../../x86_64-mk-linux/bin/
LIBRARY_PATH=/u/sw/toolchains/gcc-glibc/11.2.0/prefix/lib/gcc/x86_64-mk-linux/11.2.0/:/u/sw/toolchains/gcc-glibc/11.2.0/prefix/lib/gcc/x86_64-mk-linux/11.2.0/../../../../x86_64-mk-linux/lib/../lib/:/u/sw/toolchains/gcc-glibc/11.2.0/prefix/lib/gcc/x86_64-mk-linux/11.2.0/../../../../lib/:/u/sw/toolchains/gcc-glibc/11.2.0/prefix/lib/gcc/x86_64-mk-linux/11.2.0/../../../../x86_64-mk-linux/lib/:/u/sw/toolchains/gcc-glibc/11.2.0/prefix/lib/gcc/x86_64-mk-linux/11.2.0/../../../:/u/sw/toolchains/gcc-glibc/11.2.0/prefix/lib:/u/sw/toolchains/gcc-glibc/11.2.0/base/lib
COLLECT_GCC_OPTIONS='-v' '-rdynamic' '-o' 'cmTC_969bd' '-shared-libgcc' '-mtune=generic' '-march=x86-64' '-dumpdir' 'cmTC_969bd.'
 /u/sw/toolchains/gcc-glibc/11.2.0/prefix/libexec/gcc/x86_64-mk-linux/11.2.0/collect2 -plugin /u/sw/toolchains/gcc-glibc/11.2.0/prefix/libexec/gcc/x86_64-mk-linux/11.2.0/liblto_plugin.so -plugin-opt=/u/sw/toolchains/gcc-glibc/11.2.0/prefix/libexec/gcc/x86_64-mk-linux/11.2.0/lto-wrapper -plugin-opt=-fresolution=/tmp/ccOcB84W.res -plugin-opt=-pass-through=-lgcc_s -plugin-opt=-pass-through=-lgcc -plugin-opt=-pass-through=-lc -plugin-opt=-pass-through=-lgcc_s -plugin-opt=-pass-through=-lgcc --eh-frame-hdr -m elf_x86_64 -export-dynamic -dynamic-linker /u/sw/toolchains/gcc-glibc/11.2.0/prefix/lib/ld-linux-x86-64.so.2 -o cmTC_969bd /u/sw/toolchains/gcc-glibc/11.2.0/prefix/lib/gcc/x86_64-mk-linux/11.2.0/../../../../lib/crt1.o /u/sw/toolchains/gcc-glibc/11.2.0/prefix/lib/gcc/x86_64-mk-linux/11.2.0/../../../../lib/crti.o /u/sw/toolchains/gcc-glibc/11.2.0/prefix/lib/gcc/x86_64-mk-linux/11.2.0/crtbegin.o -L/u/sw/toolchains/gcc-glibc/11.2.0/prefix/lib/gcc/x86_64-mk-linux/11.2.0 -L/u/sw/toolchains/gcc-glibc/11.2.0/prefix/lib/gcc/x86_64-mk-linux/11.2.0/../../../../x86_64-mk-linux/lib/../lib -L/u/sw/toolchains/gcc-glibc/11.2.0/prefix/lib/gcc/x86_64-mk-linux/11.2.0/../../../../lib -L/u/sw/toolchains/gcc-glibc/11.2.0/prefix/lib/gcc/x86_64-mk-linux/11.2.0/../../../../x86_64-mk-linux/lib -L/u/sw/toolchains/gcc-glibc/11.2.0/prefix/lib/gcc/x86_64-mk-linux/11.2.0/../../.. -L/u/sw/toolchains/gcc-glibc/11.2.0/prefix/lib -L/u/sw/toolchains/gcc-glibc/11.2.0/base/lib CMakeFiles/cmTC_969bd.dir/CMakeCXXCompilerABI.cpp.o -lstdc++ -lm -lgcc_s -lgcc -lc -lgcc_s -lgcc /u/sw/toolchains/gcc-glibc/11.2.0/prefix/lib/gcc/x86_64-mk-linux/11.2.0/crtend.o /u/sw/toolchains/gcc-glibc/11.2.0/prefix/lib/gcc/x86_64-mk-linux/11.2.0/../../../../lib/crtn.o
COLLECT_GCC_OPTIONS='-v' '-rdynamic' '-o' 'cmTC_969bd' '-shared-libgcc' '-mtune=generic' '-march=x86-64' '-dumpdir' 'cmTC_969bd.'
gmake[1]: Leaving directory '/home/jellyfish/shared-folder/MACSProject2/build/CMakeFiles/CMakeTmp'



Parsed CXX implicit include dir info from above output: rv=done
  found start of include info
  found start of implicit include info
    add: [/u/sw/toolchains/gcc-glibc/11.2.0/prefix/lib/gcc/x86_64-mk-linux/11.2.0/../../../../include/c++/11.2.0]
    add: [/u/sw/toolchains/gcc-glibc/11.2.0/prefix/lib/gcc/x86_64-mk-linux/11.2.0/../../../../include/c++/11.2.0/x86_64-mk-linux]
    add: [/u/sw/toolchains/gcc-glibc/11.2.0/prefix/lib/gcc/x86_64-mk-linux/11.2.0/../../../../include/c++/11.2.0/backward]
    add: [/u/sw/toolchains/gcc-glibc/11.2.0/prefix/lib/gcc/x86_64-mk-linux/11.2.0/include]
    add: [/u/sw/toolchains/gcc-glibc/11.2.0/base/include]
    add: [/u/sw/toolchains/gcc-glibc/11.2.0/prefix/include]
    add: [/u/sw/toolchains/gcc-glibc/11.2.0/prefix/lib/gcc/x86_64-mk-linux/11.2.0/include-fixed]
  end of search list found
  collapse include dir [/u/sw/toolchains/gcc-glibc/11.2.0/prefix/lib/gcc/x86_64-mk-linux/11.2.0/../../../../include/c++/11.2.0] ==> [/u/sw/toolchains/gcc-glibc/11.2.0/prefix/include/c++/11.2.0]
  collapse include dir [/u/sw/toolchains/gcc-glibc/11.2.0/prefix/lib/gcc/x86_64-mk-linux/11.2.0/../../../../include/c++/11.2.0/x86_64-mk-linux] ==> [/u/sw/toolchains/gcc-glibc/11.2.0/prefix/include/c++/11.2.0/x86_64-mk-linux]
  collapse include dir [/u/sw/toolchains/gcc-glibc/11.2.0/prefix/lib/gcc/x86_64-mk-linux/11.2.0/../../../../include/c++/11.2.0/backward] ==> [/u/sw/toolchains/gcc-glibc/11.2.0/prefix/include/c++/11.2.0/backward]
  collapse include dir [/u/sw/toolchains/gcc-glibc/11.2.0/prefix/lib/gcc/x86_64-mk-linux/11.2.0/include] ==> [/u/sw/toolchains/gcc-glibc/11.2.0/prefix/lib/gcc/x86_64-mk-linux/11.2.0/include]
  collapse include dir [/u/sw/toolchains/gcc-glibc/11.2.0/base/include] ==> [/u/sw/toolchains/gcc-glibc/11.2.0/base/include]
  collapse include dir [/u/sw/toolchains/gcc-glibc/11.2.0/prefix/include] ==> [/u/sw/toolchains/gcc-glibc/11.2.0/prefix/include]
  collapse include dir [/u/sw/toolchains/gcc-glibc/11.2.0/prefix/lib/gcc/x86_64-mk-linux/11.2.0/include-fixed] ==> [/u/sw/toolchains/gcc-glibc/11.2.0/prefix/lib/gcc/x86_64-mk-linux/11.2.0/include-fixed]
  implicit include dirs: [/u/sw/toolchains/gcc-glibc/11.2.0/prefix/include/c++/11.2.0;/u/sw/toolchains/gcc-glibc/11.2.0/prefix/include/c++/11.2.0/x86_64-mk-linux;/u/sw/toolchains/gcc-glibc/11.2.0/prefix/include/c++/11.2.0/backward;/u/sw/toolchains/gcc-glibc/11.2.0/prefix/lib/gcc/x86_64-mk-linux/11.2.0/include;/u/sw/toolchains/gcc-glibc/11.2.0/base/include;/u/sw/toolchains/gcc-glibc/11.2.0/prefix/include;/u/sw/toolchains/gcc-glibc/11.2.0/prefix/lib/gcc/x86_64-mk-linux/11.2.0/include-fixed]


Parsed CXX implicit link information from above output:
  link line regex: [^( *|.*[/\])(CMAKE_LINKER-NOTFOUND|CMAKE_LINK_STARTFILE-NOTFOUND|([^/\]+-)?ld|collect2)[^/\]*( |$)]
  ignore line: [Change Dir: /home/jellyfish/shared-folder/MACSProject2/build/CMakeFiles/CMakeTmp]
  ignore line: []
  ignore line: [Run Build Command(s):/u/sw/toolchains/gcc-glibc/11.2.0/base/bin/gmake -f Makefile cmTC_969bd/fast && /u/sw/toolchains/gcc-glibc/11.2.0/base/bin/gmake  -f CMakeFiles/cmTC_969bd.dir/build.make CMakeFiles/cmTC_969bd.dir/build]
  ignore line: [gmake[1]: Entering directory '/home/jellyfish/shared-folder/MACSProject2/build/CMakeFiles/CMakeTmp']
  ignore line: [Building CXX object CMakeFiles/cmTC_969bd.dir/CMakeCXXCompilerABI.cpp.o]
  ignore line: [/u/sw/toolchains/gcc-glibc/11.2.0/prefix/bin/g++   -v -o CMakeFiles/cmTC_969bd.dir/CMakeCXXCompilerABI.cpp.o -c /u/sw/toolchains/gcc-glibc/11.2.0/base/share/cmake-3.20/Modules/CMakeCXXCompilerABI.cpp]
  ignore line: [Using built-in specs.]
  ignore line: [COLLECT_GCC=/u/sw/toolchains/gcc-glibc/11.2.0/prefix/bin/g++]
  ignore line: [Target: x86_64-mk-linux]
  ignore line: [Configured with: ../gcc-11.2.0/configure --build=x86_64-mk-linux --prefix=/u/sw/toolchains/gcc-glibc/11.2.0/prefix --with-local-prefix=/u/sw/toolchains/gcc-glibc/11.2.0/base --with-native-system-header-dir=/u/sw/toolchains/gcc-glibc/11.2.0/prefix/include --with-pkgversion=mk-2022.0 --with-bugurl=https://github.com/elauksap/mk/issues --disable-nls --disable-multilib --enable-shared --enable-threads=posix --enable-__cxa_atexit --enable-lto --enable-libgomp --disable-libstdcxx-pch --enable-bootstrap --enable-languages=c c++ fortran]
  ignore line: [Thread model: posix]
  ignore line: [Supported LTO compression algorithms: zlib]
  ignore line: [gcc version 11.2.0 (mk-2022.0) ]
  ignore line: [COLLECT_GCC_OPTIONS='-v' '-o' 'CMakeFiles/cmTC_969bd.dir/CMakeCXXCompilerABI.cpp.o' '-c' '-shared-libgcc' '-mtune=generic' '-march=x86-64' '-dumpdir' 'CMakeFiles/cmTC_969bd.dir/']
  ignore line: [ /u/sw/toolchains/gcc-glibc/11.2.0/prefix/libexec/gcc/x86_64-mk-linux/11.2.0/cc1plus -quiet -v -D_GNU_SOURCE /u/sw/toolchains/gcc-glibc/11.2.0/base/share/cmake-3.20/Modules/CMakeCXXCompilerABI.cpp -quiet -dumpdir CMakeFiles/cmTC_969bd.dir/ -dumpbase CMakeCXXCompilerABI.cpp.cpp -dumpbase-ext .cpp -mtune=generic -march=x86-64 -version -o /tmp/ccl1QyzN.s]
  ignore line: [GNU C++17 (mk-2022.0) version 11.2.0 (x86_64-mk-linux)]
  ignore line: [	compiled by GNU C version 11.2.0  GMP version 6.2.1  MPFR version 4.1.0  MPC version 1.2.1  isl version isl-0.24-GMP]
  ignore line: []
  ignore line: [GGC heuristics: --param ggc-min-expand=100 --param ggc-min-heapsize=131072]
  ignore line: [ignoring nonexistent directory "/u/sw/toolchains/gcc-glibc/11.2.0/prefix/lib/gcc/x86_64-mk-linux/11.2.0/../../../../x86_64-mk-linux/include"]
  ignore line: [ignoring duplicate directory "/u/sw/toolchains/gcc-glibc/11.2.0/prefix/include"]
  ignore line: [#include "..." search starts here:]
  ignore line: [#include <...> search starts here:]
  ignore line: [ /u/sw/toolchains/gcc-glibc/11.2.0/prefix/lib/gcc/x86_64-mk-linux/11.2.0/../../../../include/c++/11.2.0]
  ignore line: [ /u/sw/toolchains/gcc-glibc/11.2.0/prefix/lib/gcc/x86_64-mk-linux/11.2.0/../../../../include/c++/11.2.0/x86_64-mk-linux]
  ignore line: [ /u/sw/toolchains/gcc-glibc/11.2.0/prefix/lib/gcc/x86_64-mk-linux/11.2.0/../../../../include/c++/11.2.0/backward]
  ignore line: [ /u/sw/toolchains/gcc-glibc/11.2.0/prefix/lib/gcc/x86_64-mk-linux/11.2.0/include]
  ignore line: [ /u/sw/toolchains/gcc-glibc/11.2.0/base/include]
  ignore line: [ /u/sw/toolchains/gcc-glibc/11.2.0/prefix/include]
  ignore line: [ /u/sw/toolchains/gcc-glibc/11.2.0/prefix/lib/gcc/x86_64-mk-linux/11.2.0/include-fixed]
  ignore line: [End of search list.]
  ignore line: [GNU C++17 (mk-2022.0) version 11.2.0 (x86_64-mk-linux)]
  ignore line: [	compiled by GNU C version 11.2.0  GMP version 6.2.1  MPFR version 4.1.0  MPC version 1.2.1  isl version isl-0.24-GMP]
  ignore line: []
  ignore line: [GGC heuristics: --param ggc-min-expand=100 --param ggc-min-heapsize=131072]
  ignore line: [Compiler executable checksum: e9d48fa60ebde083c2bde881b2a1d378]
  ignore line: [COLLECT_GCC_OPTIONS='-v' '-o' 'CMakeFiles/cmTC_969bd.dir/CMakeCXXCompilerABI.cpp.o' '-c' '-shared-libgcc' '-mtune=generic' '-march=x86-64' '-dumpdir' 'CMakeFiles/cmTC_969bd.dir/']
  ignore line: [ /u/sw/toolchains/gcc-glibc/11.2.0/prefix/lib/gcc/x86_64-mk-linux/11.2.0/../../../../x86_64-mk-linux/bin/as -v --64 -o CMakeFiles/cmTC_969bd.dir/CMakeCXXCompilerABI.cpp.o /tmp/ccl1QyzN.s]
  ignore line: [GNU assembler version 2.37 (x86_64-mk-linux) using BFD version (mk-2022.0) 2.37]
  ignore line: [COMPILER_PATH=/u/sw/toolchains/gcc-glibc/11.2.0/prefix/libexec/gcc/x86_64-mk-linux/11.2.0/:/u/sw/toolchains/gcc-glibc/11.2.0/prefix/libexec/gcc/x86_64-mk-linux/11.2.0/:/u/sw/toolchains/gcc-glibc/11.2.0/prefix/libexec/gcc/x86_64-mk-linux/:/u/sw/toolchains/gcc-glibc/11.2.0/prefix/lib/gcc/x86_64-mk-linux/11.2.0/:/u/sw/toolchains/gcc-glibc/11.2.0/prefix/lib/gcc/x86_64-mk-linux/:/u/sw/toolchains/gcc-glibc/11.2.0/prefix/lib/gcc/x86_64-mk-linux/11.2.0/../../../../x86_64-mk-linux/bin/]
  ignore line: [LIBRARY_PATH=/u/sw/toolchains/gcc-glibc/11.2.0/prefix/lib/gcc/x86_64-mk-linux/11.2.0/:/u/sw/toolchains/gcc-glibc/11.2.0/prefix/lib/gcc/x86_64-mk-linux/11.2.0/../../../../x86_64-mk-linux/lib/../lib/:/u/sw/toolchains/gcc-glibc/11.2.0/prefix/lib/gcc/x86_64-mk-linux/11.2.0/../../../../lib/:/u/sw/toolchains/gcc-glibc/11.2.0/prefix/lib/gcc/x86_64-mk-linux/11.2.0/../../../../x86_64-mk-linux/lib/:/u/sw/toolchains/gcc-glibc/11.2.0/prefix/lib/gcc/x86_64-mk-linux/11.2.0/../../../:/u/sw/toolchains/gcc-glibc/11.2.0/prefix/lib:/u/sw/toolchains/gcc-glibc/11.2.0/base/lib]
  ignore line: [COLLECT_GCC_OPTIONS='-v' '-o' 'CMakeFiles/cmTC_969bd.dir/CMakeCXXCompilerABI.cpp.o' '-c' '-shared-libgcc' '-mtune=generic' '-march=x86-64' '-dumpdir' 'CMakeFiles/cmTC_969bd.dir/CMakeCXXCompilerABI.cpp.']
  ignore line: [Linking CXX executable cmTC_969bd]
  ignore line: [/u/sw/toolchains/gcc-glibc/11.2.0/base/bin/cmake -E cmake_link_script CMakeFiles/cmTC_969bd.dir/link.txt --verbose=1]
  ignore line: [/u/sw/toolchains/gcc-glibc/11.2.0/prefix/bin/g++  -v -rdynamic CMakeFiles/cmTC_969bd.dir/CMakeCXXCompilerABI.cpp.o -o cmTC_969bd ]
  ignore line: [Using built-in specs.]
  ignore line: [COLLECT_GCC=/u/sw/toolchains/gcc-glibc/11.2.0/prefix/bin/g++]
  ignore line: [COLLECT_LTO_WRAPPER=/u/sw/toolchains/gcc-glibc/11.2.0/prefix/libexec/gcc/x86_64-mk-linux/11.2.0/lto-wrapper]
  ignore line: [Target: x86_64-mk-linux]
  ignore line: [Configured with: ../gcc-11.2.0/configure --build=x86_64-mk-linux --prefix=/u/sw/toolchains/gcc-glibc/11.2.0/prefix --with-local-prefix=/u/sw/toolchains/gcc-glibc/11.2.0/base --with-native-system-header-dir=/u/sw/toolchains/gcc-glibc/11.2.0/prefix/include --with-pkgversion=mk-2022.0 --with-bugurl=https://github.com/elauksap/mk/issues --disable-nls --disable-multilib --enable-shared --enable-threads=posix --enable-__cxa_atexit --enable-lto --enable-libgomp --disable-libstdcxx-pch --enable-bootstrap --enable-languages=c c++ fortran]
  ignore line: [Thread model: posix]
  ignore line: [Supported LTO compression algorithms: zlib]
  ignore line: [gcc version 11.2.0 (mk-2022.0) ]
  ignore line: [COMPILER_PATH=/u/sw/toolchains/gcc-glibc/11.2.0/prefix/libexec/gcc/x86_64-mk-linux/11.2.0/:/u/sw/toolchains/gcc-glibc/11.2.0/prefix/libexec/gcc/x86_64-mk-linux/11.2.0/:/u/sw/toolchains/gcc-glibc/11.2.0/prefix/libexec/gcc/x86_64-mk-linux/:/u/sw/toolchains/gcc-glibc/11.2.0/prefix/lib/gcc/x86_64-mk-linux/11.2.0/:/u/sw/toolchains/gcc-glibc/11.2.0/prefix/lib/gcc/x86_64-mk-linux/:/u/sw/toolchains/gcc-glibc/11.2.0/prefix/lib/gcc/x86_64-mk-linux/11.2.0/../../../../x86_64-mk-linux/bin/]
  ignore line: [LIBRARY_PATH=/u/sw/toolchains/gcc-glibc/11.2.0/prefix/lib/gcc/x86_64-mk-linux/11.2.0/:/u/sw/toolchains/gcc-glibc/11.2.0/prefix/lib/gcc/x86_64-mk-linux/11.2.0/../../../../x86_64-mk-linux/lib/../lib/:/u/sw/toolchains/gcc-glibc/11.2.0/prefix/lib/gcc/x86_64-mk-linux/11.2.0/../../../../lib/:/u/sw/toolchains/gcc-glibc/11.2.0/prefix/lib/gcc/x86_64-mk-linux/11.2.0/../../../../x86_64-mk-linux/lib/:/u/sw/toolchains/gcc-glibc/11.2.0/prefix/lib/gcc/x86_64-mk-linux/11.2.0/../../../:/u/sw/toolchains/gcc-glibc/11.2.0/prefix/lib:/u/sw/toolchains/gcc-glibc/11.2.0/base/lib]
  ignore line: [COLLECT_GCC_OPTIONS='-v' '-rdynamic' '-o' 'cmTC_969bd' '-shared-libgcc' '-mtune=generic' '-march=x86-64' '-dumpdir' 'cmTC_969bd.']
  link line: [ /u/sw/toolchains/gcc-glibc/11.2.0/prefix/libexec/gcc/x86_64-mk-linux/11.2.0/collect2 -plugin /u/sw/toolchains/gcc-glibc/11.2.0/prefix/libexec/gcc/x86_64-mk-linux/11.2.0/liblto_plugin.so -plugin-opt=/u/sw/toolchains/gcc-glibc/11.2.0/prefix/libexec/gcc/x86_64-mk-linux/11.2.0/lto-wrapper -plugin-opt=-fresolution=/tmp/ccOcB84W.res -plugin-opt=-pass-through=-lgcc_s -plugin-opt=-pass-through=-lgcc -plugin-opt=-pass-through=-lc -plugin-opt=-pass-through=-lgcc_s -plugin-opt=-pass-through=-lgcc --eh-frame-hdr -m elf_x86_64 -export-dynamic -dynamic-linker /u/sw/toolchains/gcc-glibc/11.2.0/prefix/lib/ld-linux-x86-64.so.2 -o cmTC_969bd /u/sw/toolchains/gcc-glibc/11.2.0/prefix/lib/gcc/x86_64-mk-linux/11.2.0/../../../../lib/crt1.o /u/sw/toolchains/gcc-glibc/11.2.0/prefix/lib/gcc/x86_64-mk-linux/11.2.0/../../../../lib/crti.o /u/sw/toolchains/gcc-glibc/11.2.0/prefix/lib/gcc/x86_64-mk-linux/11.2.0/crtbegin.o -L/u/sw/toolchains/gcc-glibc/11.2.0/prefix/lib/gcc/x86_64-mk-linux/11.2.0 -L/u/sw/toolchains/gcc-glibc/11.2.0/prefix/lib/gcc/x86_64-mk-linux/11.2.0/../../../../x86_64-mk-linux/lib/../lib -L/u/sw/toolchains/gcc-glibc/11.2.0/prefix/lib/gcc/x86_64-mk-linux/11.2.0/../../../../lib -L/u/sw/toolchains/gcc-glibc/11.2.0/prefix/lib/gcc/x86_64-mk-linux/11.2.0/../../../../x86_64-mk-linux/lib -L/u/sw/toolchains/gcc-glibc/11.2.0/prefix/lib/gcc/x86_64-mk-linux/11.2.0/../../.. -L/u/sw/toolchains/gcc-glibc/11.2.0/prefix/lib -L/u/sw/toolchains/gcc-glibc/11.2.0/base/lib CMakeFiles/cmTC_969bd.dir/CMakeCXXCompilerABI.cpp.o -lstdc++ -lm -lgcc_s -lgcc -lc -lgcc_s -lgcc /u/sw/toolchains/gcc-glibc/11.2.0/prefix/lib/gcc/x86_64-mk-linux/11.2.0/crtend.o /u/sw/toolchains/gcc-glibc/11.2.0/prefix/lib/gcc/x86_64-mk-linux/11.2.0/../../../../lib/crtn.o]
    arg [/u/sw/toolchains/gcc-glibc/11.2.0/prefix/libexec/gcc/x86_64-mk-linux/11.2.0/collect2] ==> ignore
    arg [-plugin] ==> ignore
    arg [/u/sw/toolchains/gcc-glibc/11.2.0/prefix/libexec/gcc/x86_64-mk-linux/11.2.0/liblto_plugin.so] ==> ignore
    arg [-plugin-opt=/u/sw/toolchains/gcc-glibc/11.2.0/prefix/libexec/gcc/x86_64-mk-linux/11.2.0/lto-wrapper] ==> ignore
    arg [-plugin-opt=-fresolution=/tmp/ccOcB84W.res] ==> ignore
    arg [-plugin-opt=-pass-through=-lgcc_s] ==> ignore
    arg [-plugin-opt=-pass-through=-lgcc] ==> ignore
    arg [-plugin-opt=-pass-through=-lc] ==> ignore
    arg [-plugin-opt=-pass-through=-lgcc_s] ==> ignore
    arg [-plugin-opt=-pass-through=-lgcc] ==> ignore
    arg [--eh-frame-hdr] ==> ignore
    arg [-m] ==> ignore
    arg [elf_x86_64] ==> ignore
    arg [-export-dynamic] ==> ignore
    arg [-dynamic-linker] ==> ignore
    arg [/u/sw/toolchains/gcc-glibc/11.2.0/prefix/lib/ld-linux-x86-64.so.2] ==> ignore
    arg [-o] ==> ignore
    arg [cmTC_969bd] ==> ignore
    arg [/u/sw/toolchains/gcc-glibc/11.2.0/prefix/lib/gcc/x86_64-mk-linux/11.2.0/../../../../lib/crt1.o] ==> obj [/u/sw/toolchains/gcc-glibc/11.2.0/prefix/lib/gcc/x86_64-mk-linux/11.2.0/../../../../lib/crt1.o]
    arg [/u/sw/toolchains/gcc-glibc/11.2.0/prefix/lib/gcc/x86_64-mk-linux/11.2.0/../../../../lib/crti.o] ==> obj [/u/sw/toolchains/gcc-glibc/11.2.0/prefix/lib/gcc/x86_64-mk-linux/11.2.0/../../../../lib/crti.o]
    arg [/u/sw/toolchains/gcc-glibc/11.2.0/prefix/lib/gcc/x86_64-mk-linux/11.2.0/crtbegin.o] ==> obj [/u/sw/toolchains/gcc-glibc/11.2.0/prefix/lib/gcc/x86_64-mk-linux/11.2.0/crtbegin.o]
    arg [-L/u/sw/toolchains/gcc-glibc/11.2.0/prefix/lib/gcc/x86_64-mk-linux/11.2.0] ==> dir [/u/sw/toolchains/gcc-glibc/11.2.0/prefix/lib/gcc/x86_64-mk-linux/11.2.0]
    arg [-L/u/sw/toolchains/gcc-glibc/11.2.0/prefix/lib/gcc/x86_64-mk-linux/11.2.0/../../../../x86_64-mk-linux/lib/../lib] ==> dir [/u/sw/toolchains/gcc-glibc/11.2.0/prefix/lib/gcc/x86_64-mk-linux/11.2.0/../../../../x86_64-mk-linux/lib/../lib]
    arg [-L/u/sw/toolchains/gcc-glibc/11.2.0/prefix/lib/gcc/x86_64-mk-linux/11.2.0/../../../../lib] ==> dir [/u/sw/toolchains/gcc-glibc/11.2.0/prefix/lib/gcc/x86_64-mk-linux/11.2.0/../../../../lib]
    arg [-L/u/sw/toolchains/gcc-glibc/11.2.0/prefix/lib/gcc/x86_64-mk-linux/11.2.0/../../../../x86_64-mk-linux/lib] ==> dir [/u/sw/toolchains/gcc-glibc/11.2.0/prefix/lib/gcc/x86_64-mk-linux/11.2.0/../../../../x86_64-mk-linux/lib]
    arg [-L/u/sw/toolchains/gcc-glibc/11.2.0/prefix/lib/gcc/x86_64-mk-linux/11.2.0/../../..] ==> dir [/u/sw/toolchains/gcc-glibc/11.2.0/prefix/lib/gcc/x86_64-mk-linux/11.2.0/../../..]
    arg [-L/u/sw/toolchains/gcc-glibc/11.2.0/prefix/lib] ==> dir [/u/sw/toolchains/gcc-glibc/11.2.0/prefix/lib]
    arg [-L/u/sw/toolchains/gcc-glibc/11.2.0/base/lib] ==> dir [/u/sw/toolchains/gcc-glibc/11.2.0/base/lib]
    arg [CMakeFiles/cmTC_969bd.dir/CMakeCXXCompilerABI.cpp.o] ==> ignore
    arg [-lstdc++] ==> lib [stdc++]
    arg [-lm] ==> lib [m]
    arg [-lgcc_s] ==> lib [gcc_s]
    arg [-lgcc] ==> lib [gcc]
    arg [-lc] ==> lib [c]
    arg [-lgcc_s] ==> lib [gcc_s]
    arg [-lgcc] ==> lib [gcc]
    arg [/u/sw/toolchains/gcc-glibc/11.2.0/prefix/lib/gcc/x86_64-mk-linux/11.2.0/crtend.o] ==> obj [/u/sw/toolchains/gcc-glibc/11.2.0/prefix/lib/gcc/x86_64-mk-linux/11.2.0/crtend.o]
    arg [/u/sw/toolchains/gcc-glibc/11.2.0/prefix/lib/gcc/x86_64-mk-linux/11.2.0/../../../../lib/crtn.o] ==> obj [/u/sw/toolchains/gcc-glibc/11.2.0/prefix/lib/gcc/x86_64-mk-linux/11.2.0/../../../../lib/crtn.o]
  collapse obj [/u/sw/toolchains/gcc-glibc/11.2.0/prefix/lib/gcc/x86_64-mk-linux/11.2.0/../../../../lib/crt1.o] ==> [/u/sw/toolchains/gcc-glibc/11.2.0/prefix/lib/crt1.o]
  collapse obj [/u/sw/toolchains/gcc-glibc/11.2.0/prefix/lib/gcc/x86_64-mk-linux/11.2.0/../../../../lib/crti.o] ==> [/u/sw/toolchains/gcc-glibc/11.2.0/prefix/lib/crti.o]
  collapse obj [/u/sw/toolchains/gcc-glibc/11.2.0/prefix/lib/gcc/x86_64-mk-linux/11.2.0/../../../../lib/crtn.o] ==> [/u/sw/toolchains/gcc-glibc/11.2.0/prefix/lib/crtn.o]
  collapse library dir [/u/sw/toolchains/gcc-glibc/11.2.0/prefix/lib/gcc/x86_64-mk-linux/11.2.0] ==> [/u/sw/toolchains/gcc-glibc/11.2.0/prefix/lib/gcc/x86_64-mk-linux/11.2.0]
  collapse library dir [/u/sw/toolchains/gcc-glibc/11.2.0/prefix/lib/gcc/x86_64-mk-linux/11.2.0/../../../../x86_64-mk-linux/lib/../lib] ==> [/u/sw/toolchains/gcc-glibc/11.2.0/prefix/x86_64-mk-linux/lib]
  collapse library dir [/u/sw/toolchains/gcc-glibc/11.2.0/prefix/lib/gcc/x86_64-mk-linux/11.2.0/../../../../lib] ==> [/u/sw/toolchains/gcc-glibc/11.2.0/prefix/lib]
  collapse library dir [/u/sw/toolchains/gcc-glibc/11.2.0/prefix/lib/gcc/x86_64-mk-linux/11.2.0/../../../../x86_64-mk-linux/lib] ==> [/u/sw/toolchains/gcc-glibc/11.2.0/prefix/x86_64-mk-linux/lib]
  collapse library dir [/u/sw/toolchains/gcc-glibc/11.2.0/prefix/lib/gcc/x86_64-mk-linux/11.2.0/../../..] ==> [/u/sw/toolchains/gcc-glibc/11.2.0/prefix/lib]
  collapse library dir [/u/sw/toolchains/gcc-glibc/11.2.0/prefix/lib] ==> [/u/sw/toolchains/gcc-glibc/11.2.0/prefix/lib]
  collapse library dir [/u/sw/toolchains/gcc-glibc/11.2.0/base/lib] ==> [/u/sw/toolchains/gcc-glibc/11.2.0/base/lib]
  implicit libs: [stdc++;m;gcc_s;gcc;c;gcc_s;gcc]
  implicit objs: [/u/sw/toolchains/gcc-glibc/11.2.0/prefix/lib/crt1.o;/u/sw/toolchains/gcc-glibc/11.2.0/prefix/lib/crti.o;/u/sw/toolchains/gcc-glibc/11.2.0/prefix/lib/gcc/x86_64-mk-linux/11.2.0/crtbegin.o;/u/sw/toolchains/gcc-glibc/11.2.0/prefix/lib/gcc/x86_64-mk-linux/11.2.0/crtend.o;/u/sw/toolchains/gcc-glibc/11.2.0/prefix/lib/crtn.o]
  implicit dirs: [/u/sw/toolchains/gcc-glibc/11.2.0/prefix/lib/gcc/x86_64-mk-linux/11.2.0;/u/sw/toolchains/gcc-glibc/11.2.0/prefix/x86_64-mk-linux/lib;/u/sw/toolchains/gcc-glibc/11.2.0/prefix/lib;/u/sw/toolchains/gcc-glibc/11.2.0/base/lib]
  implicit fwks: []


